c:\users\jodie\desktop\honours\honours project\honours prototype\e1_simpleterrain\x64\debug\vc142.pdb
c:\users\jodie\desktop\honours\honours project\honours prototype\e1_simpleterrain\x64\debug\vc142.idb
c:\users\jodie\desktop\honours\honours project\honours prototype\e1_simpleterrain\x64\debug\water_shader.obj
c:\users\jodie\desktop\honours\honours project\honours prototype\e1_simpleterrain\x64\debug\reflection_shader.obj
c:\users\jodie\desktop\honours\honours project\honours prototype\e1_simpleterrain\x64\debug\projected_grid.obj
c:\users\jodie\desktop\honours\honours project\honours prototype\e1_simpleterrain\x64\debug\plane.obj
c:\users\jodie\desktop\honours\honours project\honours prototype\e1_simpleterrain\x64\debug\fft.obj
c:\users\jodie\desktop\honours\honours project\honours prototype\e1_simpleterrain\x64\debug\ocean.obj
c:\users\jodie\desktop\honours\honours project\honours prototype\e1_simpleterrain\x64\debug\math.obj
c:\users\jodie\desktop\honours\honours project\honours prototype\e1_simpleterrain\x64\debug\main.obj
c:\users\jodie\desktop\honours\honours project\honours prototype\e1_simpleterrain\x64\debug\light_shader.obj
c:\users\jodie\desktop\honours\honours project\honours prototype\e1_simpleterrain\x64\debug\main_app.obj
c:\users\jodie\desktop\honours\honours project\honours prototype\e1_simpleterrain\x64\debug\gui_handler.obj
c:\users\jodie\desktop\honours\honours project\honours prototype\e1_simpleterrain\reflection_ps.cso
c:\users\jodie\desktop\honours\honours project\honours prototype\e1_simpleterrain\reflection_vs.cso
c:\users\jodie\desktop\honours\honours project\honours prototype\e1_simpleterrain\light_vs.cso
c:\users\jodie\desktop\honours\honours project\honours prototype\e1_simpleterrain\water_vs.cso
c:\users\jodie\desktop\honours\honours project\honours prototype\e1_simpleterrain\water_ps.cso
c:\users\jodie\desktop\honours\honours project\honours prototype\e1_simpleterrain\light_ps.cso
c:\users\jodie\desktop\honours\honours project\honours prototype\x64\debug\e1_simpleterrain.exe
c:\users\jodie\desktop\honours\honours project\honours prototype\x64\debug\e1_simpleterrain.ilk
c:\users\jodie\desktop\honours\honours project\honours prototype\x64\debug\e1_simpleterrain.pdb
c:\users\jodie\desktop\honours\honours project\honours prototype\e1_simpleterrain\x64\debug\e1_simpleterrain.tlog\cl.command.1.tlog
c:\users\jodie\desktop\honours\honours project\honours prototype\e1_simpleterrain\x64\debug\e1_simpleterrain.tlog\cl.read.1.tlog
c:\users\jodie\desktop\honours\honours project\honours prototype\e1_simpleterrain\x64\debug\e1_simpleterrain.tlog\cl.write.1.tlog
c:\users\jodie\desktop\honours\honours project\honours prototype\e1_simpleterrain\x64\debug\e1_simpleterrain.tlog\fxc.command.1.tlog
c:\users\jodie\desktop\honours\honours project\honours prototype\e1_simpleterrain\x64\debug\e1_simpleterrain.tlog\fxc.read.1.tlog
c:\users\jodie\desktop\honours\honours project\honours prototype\e1_simpleterrain\x64\debug\e1_simpleterrain.tlog\fxc.write.1.tlog
c:\users\jodie\desktop\honours\honours project\honours prototype\e1_simpleterrain\x64\debug\e1_simpleterrain.tlog\link.command.1.tlog
c:\users\jodie\desktop\honours\honours project\honours prototype\e1_simpleterrain\x64\debug\e1_simpleterrain.tlog\link.read.1.tlog
c:\users\jodie\desktop\honours\honours project\honours prototype\e1_simpleterrain\x64\debug\e1_simpleterrain.tlog\link.write.1.tlog
