c:\users\jodie\desktop\honours\honours project\honours prototype\dxframework\x64\release\dxframework.pdb
c:\users\jodie\desktop\honours\honours project\honours prototype\dxframework\x64\release\quadmesh.obj
c:\users\jodie\desktop\honours\honours project\honours prototype\dxframework\x64\release\pointmesh.obj
c:\users\jodie\desktop\honours\honours project\honours prototype\dxframework\x64\release\planemesh.obj
c:\users\jodie\desktop\honours\honours project\honours prototype\dxframework\x64\release\orthomesh.obj
c:\users\jodie\desktop\honours\honours project\honours prototype\dxframework\x64\release\model.obj
c:\users\jodie\desktop\honours\honours project\honours prototype\dxframework\x64\release\light.obj
c:\users\jodie\desktop\honours\honours project\honours prototype\dxframework\x64\release\input.obj
c:\users\jodie\desktop\honours\honours project\honours prototype\dxframework\x64\release\imgui_impl_win32.obj
c:\users\jodie\desktop\honours\honours project\honours prototype\dxframework\x64\release\imgui_impl_dx11.obj
c:\users\jodie\desktop\honours\honours project\honours prototype\dxframework\x64\release\imgui_draw.obj
c:\users\jodie\desktop\honours\honours project\honours prototype\dxframework\x64\release\imgui_demo.obj
c:\users\jodie\desktop\honours\honours project\honours prototype\dxframework\x64\release\imgui.obj
c:\users\jodie\desktop\honours\honours project\honours prototype\dxframework\x64\release\fpcamera.obj
c:\users\jodie\desktop\honours\honours project\honours prototype\dxframework\x64\release\d3d.obj
c:\users\jodie\desktop\honours\honours project\honours prototype\dxframework\x64\release\cubemesh.obj
c:\users\jodie\desktop\honours\honours project\honours prototype\dxframework\x64\release\camera.obj
c:\users\jodie\desktop\honours\honours project\honours prototype\dxframework\x64\release\baseshader.obj
c:\users\jodie\desktop\honours\honours project\honours prototype\dxframework\x64\release\basemesh.obj
c:\users\jodie\desktop\honours\honours project\honours prototype\dxframework\x64\release\baseapplication.obj
c:\users\jodie\desktop\honours\honours project\honours prototype\dxframework\x64\release\amodel.obj
c:\users\jodie\desktop\honours\honours project\honours prototype\dxframework\x64\release\trianglemesh.obj
c:\users\jodie\desktop\honours\honours project\honours prototype\dxframework\x64\release\tokenstream.obj
c:\users\jodie\desktop\honours\honours project\honours prototype\dxframework\x64\release\timer.obj
c:\users\jodie\desktop\honours\honours project\honours prototype\dxframework\x64\release\texturemanager.obj
c:\users\jodie\desktop\honours\honours project\honours prototype\dxframework\x64\release\tessellationmesh.obj
c:\users\jodie\desktop\honours\honours project\honours prototype\dxframework\x64\release\system.obj
c:\users\jodie\desktop\honours\honours project\honours prototype\dxframework\x64\release\spheremesh.obj
c:\users\jodie\desktop\honours\honours project\honours prototype\dxframework\x64\release\shadowmap.obj
c:\users\jodie\desktop\honours\honours project\honours prototype\dxframework\x64\release\rendertexture.obj
c:\users\jodie\desktop\honours\honours project\honours prototype\lib\release\dxframework.lib
c:\users\jodie\desktop\honours\honours project\honours prototype\dxframework\x64\release\dxframework.tlog\cl.command.1.tlog
c:\users\jodie\desktop\honours\honours project\honours prototype\dxframework\x64\release\dxframework.tlog\cl.read.1.tlog
c:\users\jodie\desktop\honours\honours project\honours prototype\dxframework\x64\release\dxframework.tlog\cl.write.1.tlog
c:\users\jodie\desktop\honours\honours project\honours prototype\dxframework\x64\release\dxframework.tlog\lib-link.read.1.tlog
c:\users\jodie\desktop\honours\honours project\honours prototype\dxframework\x64\release\dxframework.tlog\lib-link.write.1.tlog
c:\users\jodie\desktop\honours\honours project\honours prototype\dxframework\x64\release\dxframework.tlog\lib.command.1.tlog
