c:\users\jodie\desktop\honours\honours project\honours prototype\e1_simpleterrain\x64\release\vc142.pdb
c:\users\jodie\desktop\honours\honours project\honours prototype\e1_simpleterrain\x64\release\reflection_shader.obj
c:\users\jodie\desktop\honours\honours project\honours prototype\e1_simpleterrain\x64\release\projected_grid.obj
c:\users\jodie\desktop\honours\honours project\honours prototype\e1_simpleterrain\x64\release\plane.obj
c:\users\jodie\desktop\honours\honours project\honours prototype\e1_simpleterrain\x64\release\fft.obj
c:\users\jodie\desktop\honours\honours project\honours prototype\e1_simpleterrain\x64\release\ocean.obj
c:\users\jodie\desktop\honours\honours project\honours prototype\e1_simpleterrain\x64\release\math.obj
c:\users\jodie\desktop\honours\honours project\honours prototype\e1_simpleterrain\x64\release\main.obj
c:\users\jodie\desktop\honours\honours project\honours prototype\e1_simpleterrain\x64\release\light_shader.obj
c:\users\jodie\desktop\honours\honours project\honours prototype\e1_simpleterrain\x64\release\main_app.obj
c:\users\jodie\desktop\honours\honours project\honours prototype\e1_simpleterrain\x64\release\gui_handler.obj
c:\users\jodie\desktop\honours\honours project\honours prototype\e1_simpleterrain\x64\release\tessellationplanemesh.obj
c:\users\jodie\desktop\honours\honours project\honours prototype\e1_simpleterrain\x64\release\water_shader.obj
c:\users\jodie\desktop\honours\honours project\honours prototype\e1_simpleterrain\x64\release\dft.obj
c:\users\jodie\desktop\honours\honours project\honours prototype\x64\release\e1_simpleterrain.ipdb
c:\users\jodie\desktop\honours\honours project\honours prototype\x64\release\e1_simpleterrain.iobj
c:\users\jodie\desktop\honours\honours project\honours prototype\x64\release\light_hs.cso
c:\users\jodie\desktop\honours\honours project\honours prototype\x64\release\light_ds.cso
c:\users\jodie\desktop\honours\honours project\honours prototype\x64\release\light_ps.cso
c:\users\jodie\desktop\honours\honours project\honours prototype\x64\release\light_vs.cso
c:\users\jodie\desktop\honours\honours project\honours prototype\x64\release\e1_simpleterrain.exe
c:\users\jodie\desktop\honours\honours project\honours prototype\x64\release\e1_simpleterrain.pdb
c:\users\jodie\desktop\honours\honours project\honours prototype\e1_simpleterrain\x64\release\e1_simpleterrain.tlog\cl.command.1.tlog
c:\users\jodie\desktop\honours\honours project\honours prototype\e1_simpleterrain\x64\release\e1_simpleterrain.tlog\cl.read.1.tlog
c:\users\jodie\desktop\honours\honours project\honours prototype\e1_simpleterrain\x64\release\e1_simpleterrain.tlog\cl.write.1.tlog
c:\users\jodie\desktop\honours\honours project\honours prototype\e1_simpleterrain\x64\release\e1_simpleterrain.tlog\e1_simpleterrain.write.1u.tlog
c:\users\jodie\desktop\honours\honours project\honours prototype\e1_simpleterrain\x64\release\e1_simpleterrain.tlog\fxc.command.1.tlog
c:\users\jodie\desktop\honours\honours project\honours prototype\e1_simpleterrain\x64\release\e1_simpleterrain.tlog\fxc.read.1.tlog
c:\users\jodie\desktop\honours\honours project\honours prototype\e1_simpleterrain\x64\release\e1_simpleterrain.tlog\fxc.write.1.tlog
c:\users\jodie\desktop\honours\honours project\honours prototype\e1_simpleterrain\x64\release\e1_simpleterrain.tlog\link.command.1.tlog
c:\users\jodie\desktop\honours\honours project\honours prototype\e1_simpleterrain\x64\release\e1_simpleterrain.tlog\link.read.1.tlog
c:\users\jodie\desktop\honours\honours project\honours prototype\e1_simpleterrain\x64\release\e1_simpleterrain.tlog\link.write.1.tlog
